<?xml version="1.0" encoding="UTF-8"?>
<testsuite xmlns:xsi="http://www.w3.org/2001/XMLSchema-instance" xsi:noNamespaceSchemaLocation="https://maven.apache.org/surefire/maven-surefire-plugin/xsd/surefire-test-report.xsd" name="entity.JPATest" time="0.087" tests="1" errors="1" skipped="0" failures="0">
  <properties>
[...]
</properties>
  <testcase name="test" classname="entity.JPATest" time="0.08">
    <error message="No Persistence provider for EntityManager named myJpa" type="javax.persistence.PersistenceException">javax.persistence.PersistenceException: No Persistence provider for EntityManager named myJpa
	at entity.JPATest.test(JPATest.java:18)
</error>
    <system-err><![CDATA[三月 12, 2020 9:59:53 下午 org.hibernate.jpa.boot.internal.PersistenceXmlParser doResolve
INFO: HHH000318: Could not find any META-INF/persistence.xml file in the classpath
]]></system-err>
  </testcase>
</testsuite>